<?xml version="1.0" encoding="UTF-8"?>
<testsuite xmlns:xsi="http://www.w3.org/2001/XMLSchema-instance" xsi:noNamespaceSchemaLocation="https://maven.apache.org/surefire/maven-surefire-plugin/xsd/surefire-test-report.xsd" version="3.0.2" name="com.mcp.spring_boot.HotelMcpApplicationTests" time="5.683" tests="1" errors="0" skipped="0" failures="0">
  <properties>
[...]
</properties>
  <testcase name="contextLoads" classname="com.mcp.spring_boot.HotelMcpApplicationTests" time="1.312">
    <system-out><![CDATA[15:15:55.563 [main] INFO org.springframework.test.context.support.AnnotationConfigContextLoaderUtils -- Could not detect default configuration classes for test class [com.mcp.spring_boot.HotelMcpApplicationTests]: HotelMcpApplicationTests does not declare any static, non-private, non-final, nested classes annotated with @Configuration.
15:15:55.816 [main] INFO org.springframework.boot.test.context.SpringBootTestContextBootstrapper -- Found @SpringBootConfiguration com.mcp.spring_boot.HotelMcpApplication for test class com.mcp.spring_boot.HotelMcpApplicationTests

  .   ____          _            __ _ _
 /\\ / ___'_ __ _ _(_)_ __  __ _ \ \ \ \
( ( )\___ | '_ | '_| | '_ \/ _` | \ \ \ \
 \\/  ___)| |_)| | | | | || (_| |  ) ) ) )
  '  |____| .__|_| |_|_| |_\__, | / / / /
 =========|_|==============|___/=/_/_/_/

 :: Spring Boot ::                (v3.5.3)

2025-07-07T15:15:56.547+03:00  INFO 11176 --- [hotel-mcp] [           main] c.m.s.HotelMcpApplicationTests           : Starting HotelMcpApplicationTests using Java 21.0.7 with PID 11176 (started by furkan.ozer in C:\Users\furkan.ozer\Desktop\spring-boot)
2025-07-07T15:15:56.549+03:00  INFO 11176 --- [hotel-mcp] [           main] c.m.s.HotelMcpApplicationTests           : No active profile set, falling back to 1 default profile: "default"
2025-07-07T15:15:58.984+03:00  INFO 11176 --- [hotel-mcp] [           main] o.s.b.a.e.web.EndpointLinksResolver      : Exposing 1 endpoint beneath base path '/actuator'
2025-07-07T15:15:59.394+03:00  INFO 11176 --- [hotel-mcp] [           main] o.s.a.m.s.a.McpServerAutoConfiguration   : Enable tools capabilities, notification: true
2025-07-07T15:15:59.394+03:00  INFO 11176 --- [hotel-mcp] [           main] o.s.a.m.s.a.McpServerAutoConfiguration   : Registered tools: 1
2025-07-07T15:15:59.395+03:00  INFO 11176 --- [hotel-mcp] [           main] o.s.a.m.s.a.McpServerAutoConfiguration   : Enable resources capabilities, notification: true
2025-07-07T15:15:59.395+03:00  INFO 11176 --- [hotel-mcp] [           main] o.s.a.m.s.a.McpServerAutoConfiguration   : Enable prompts capabilities, notification: true
2025-07-07T15:15:59.396+03:00  INFO 11176 --- [hotel-mcp] [           main] o.s.a.m.s.a.McpServerAutoConfiguration   : Enable completions capabilities
2025-07-07T15:15:59.637+03:00  INFO 11176 --- [hotel-mcp] [           main] c.m.s.HotelMcpApplicationTests           : Started HotelMcpApplicationTests in 3.492 seconds (process running for 5.482)
]]></system-out>
    <system-err><![CDATA[Mockito is currently self-attaching to enable the inline-mock-maker. This will no longer work in future releases of the JDK. Please add Mockito as an agent to your build as described in Mockito's documentation: https://javadoc.io/doc/org.mockito/mockito-core/latest/org.mockito/org/mockito/Mockito.html#0.3
WARNING: A Java agent has been loaded dynamically (C:\Users\furkan.ozer\.m2\repository\net\bytebuddy\byte-buddy-agent\1.17.6\byte-buddy-agent-1.17.6.jar)
WARNING: If a serviceability tool is in use, please run with -XX:+EnableDynamicAgentLoading to hide this warning
WARNING: If a serviceability tool is not in use, please run with -Djdk.instrument.traceUsage for more information
WARNING: Dynamic loading of agents will be disallowed by default in a future release
]]></system-err>
  </testcase>
</testsuite>